<?xml version="1.0" encoding="UTF-8"?>
<!-- Generated by org.testng.reporters.JUnitReportReporter -->
<testsuite hostname="PZ13" failures="0" tests="1" name="com.AutomationTask.TestRunner" time="4.753" errors="0" timestamp="8 Oct 2021 12:12:38 GMT">
  <testcase classname="com.AutomationTask.TestRunner" name="feature" time="4.753"/>
</testsuite> <!-- com.AutomationTask.TestRunner -->
