<?xml version="1.0" encoding="UTF-8"?>
<!-- Generated by org.testng.reporters.JUnitReportReporter -->
<testsuite hostname="ITNTRQR" name="com.AutomationTask.test" tests="1" failures="0" timestamp="7 Oct 2021 09:03:46 GMT" time="10.508" errors="0">
  <testcase name="testdriver" time="10.508" classname="com.AutomationTask.test"/>
</testsuite> <!-- com.AutomationTask.test -->
